{"D:\\netology\\Prodv-JS\\DZ4-1--Pure-functions\\src\\calculate.js": {"path":"D:\\netology\\Prodv-JS\\DZ4-1--Pure-functions\\src\\calculate.js","statementMap":{"0":{"start":{"line":3,"column":2},"end":{"line":5,"column":3}},"1":{"start":{"line":4,"column":4},"end":{"line":4,"column":21}},"2":{"start":{"line":6,"column":2},"end":{"line":8,"column":3}},"3":{"start":{"line":7,"column":4},"end":{"line":7,"column":21}},"4":{"start":{"line":9,"column":2},"end":{"line":11,"column":3}},"5":{"start":{"line":10,"column":4},"end":{"line":10,"column":22}}},"fnMap":{"0":{"name":"total","decl":{"start":{"line":2,"column":24},"end":{"line":2,"column":29}},"loc":{"start":{"line":2,"column":41},"end":{"line":12,"column":1}},"line":2}},"branchMap":{"0":{"loc":{"start":{"line":3,"column":2},"end":{"line":5,"column":3}},"type":"if","locations":[{"start":{"line":3,"column":2},"end":{"line":5,"column":3}},{"start":{},"end":{}}],"line":3},"1":{"loc":{"start":{"line":6,"column":2},"end":{"line":8,"column":3}},"type":"if","locations":[{"start":{"line":6,"column":2},"end":{"line":8,"column":3}},{"start":{},"end":{}}],"line":6},"2":{"loc":{"start":{"line":6,"column":6},"end":{"line":6,"column":53}},"type":"binary-expr","locations":[{"start":{"line":6,"column":6},"end":{"line":6,"column":28}},{"start":{"line":6,"column":32},"end":{"line":6,"column":53}}],"line":6},"3":{"loc":{"start":{"line":9,"column":2},"end":{"line":11,"column":3}},"type":"if","locations":[{"start":{"line":9,"column":2},"end":{"line":11,"column":3}},{"start":{},"end":{}}],"line":9}},"s":{"0":3,"1":1,"2":2,"3":1,"4":1,"5":1},"f":{"0":3},"b":{"0":[1,2],"1":[1,1],"2":[2,2],"3":[1,0]},"_coverageSchema":"1a1c01bbd47fc00a2c39e90264f33305004495a9","hash":"bfb9c3cef069b13d7d3391951fed023b26f54090"}
}
